GET /api/v1/cmh51ahp60001553claite2ap/deploy 200 90.256 ms
POST /api/v1/projects/ 201 138.239 ms
POST /api/v1/cmh51jp4h000155f8uk440rkc/deploy 201 90.745 ms
GET /api/v1/cmh51jwi3000355f8360vvn46/deploy 200 5.123 ms
POST /api/v1/projects/ 201 226.504 ms
POST /api/v1/cmh51q8yw000155bwwxmmmuev/deploy 201 107.494 ms
POST /api/v1/projects/ 201 224.630 ms
POST /api/v1/cmh51wnbp000155swlsmj20uh/deploy 201 98.539 ms
GET /api/v1/cmh51x35h000355swni7zaler/deploy 200 7.492 ms
POST /api/v1/projects/ 201 326.389 ms
POST /api/v1/cmh5285nb000155qwy7fpmrqs/deploy 201 125.081 ms
GET /api/v1/cmh528d1w000355qw3rke1wg6/deploy 200 5.844 ms
POST /api/v1/auth/users 404 13.122 ms
GET /api/v1/auth/users 200 276.183 ms
GET /api/v1/projects/ 200 88.048 ms
POST /api/v1/projects/ 201 284.419 ms
POST /api/v1/cmh56ne860001550ogows8jvh/deploy 201 182.347 ms
GET /api/v1/ 404 12.358 ms
GET /health 200 1.185 ms
GET /favicon.ico 404 0.945 ms
GET /api/v1/projects 401 1.449 ms
GET /api/v1/projects 200 232.089 ms
POST /api/v1/projects/ 201 124.947 ms
POST /api/v1/cmh5765iv000155ponho684ri/deploy 201 101.508 ms
GET /api/v1/cmh576lmm000355poi4l1wm03/deploy 200 183.433 ms
POST /api/v1/projects/ 201 129.005 ms
POST /api/v1/cmh581qqb000155kovw3e1gwh/deploy 201 223.710 ms
GET /api/v1/cmh582bb7000355ko00awvjnf/deploy 200 6.637 ms
GET /health 200 26.669 ms
GET /favicon.ico 404 1.714 ms
GET /health 200 4.426 ms
GET / 404 1.715 ms
GET /favicon.ico 404 0.827 ms
POST /api/v1/projects/ 201 647.695 ms
POST /api/v1/cmh5k7dzz000155cswcp2magr/deploy 201 315.301 ms
POST /api/v1/projects/ 201 389.706 ms
POST /api/v1/cmh5kn8y6000155jcatesz1be/deploy 201 232.690 ms
POST /api/v1/projects/ 201 678.292 ms
POST /api/v1/cmh5kyx7f000155nkp3ztl9y1/deploy 201 451.053 ms
POST /api/v1/projects/ 201 258.550 ms
POST /api/v1/projects/ 201 8.842 ms
POST /api/v1/cmh5zii3z000355tse9ploe80/deploy 201 127.279 ms
POST /api/v1/projects/ 201 376.693 ms
POST /api/v1/cmh5zxb3g000755ts83rv1n3u/deploy 201 114.299 ms
POST /api/v1/projects/ 201 314.718 ms
POST /api/v1/cmh612djr000b55ts0xf5gsya/deploy 201 155.168 ms
POST /api/v1/projects/ 201 402.090 ms
POST /api/v1/cmh61c8a2000f55ts2j7zl0f0/deploy 201 206.420 ms
