POST /api/v1/auth/register/ 400 12.518 ms
POST /api/v1/auth/register/ 400 13.917 ms
GET / 404 7.259 ms
GET /auth/login 404 0.887 ms
POST /auth/login 404 0.406 ms
POST /api/v1/auth/login 400 8.230 ms
POST /api/v1/auth/login 400 3.448 ms
POST /api/v1/auth/login 500 179.684 ms
POST /api/v1/auth/login 400 15.641 ms
POST /api/v1/auth/login 400 2.885 ms
POST /api/v1/auth/register 400 1.383 ms
POST /api/v1/auth/register 201 88.415 ms
POST /api/v1/auth/login 200 6.459 ms
POST /api/v1/auth/login 200 7.012 ms
POST /api/v1/auth/login 200 66.629 ms
POST /api/v1/auth/login 429 4.063 ms
POST /api/v1/auth/login 429 0.584 ms
GET /api/v1/auth/users 200 114.897 ms
GET /api/v1/auth/users 200 4.151 ms
GET /api/v1/auth/users 200 4.869 ms
GET /api/v1/auth/users 200 77.449 ms
